<?xml version="1.0" encoding="UTF-8"?>
<testng-results ignored="0" total="1" passed="1" failed="0" skipped="0">
  <reporter-output>
  </reporter-output>
  <suite started-at="2021-03-11T04:30:00Z" name="Default suite" finished-at="2021-03-11T04:30:09Z" duration-ms="8747">
    <groups>
    </groups>
    <test started-at="2021-03-11T04:30:00Z" name="Default test" finished-at="2021-03-11T04:30:09Z" duration-ms="8747">
      <class name="com.qa.test.loginTest">
        <test-method is-config="true" signature="openBrowser()[pri:0, instance:com.qa.test.loginTest@2794eab6]" started-at="2021-03-11T04:30:00Z" name="openBrowser" finished-at="2021-03-11T04:30:08Z" duration-ms="7698" status="PASS">
          <reporter-output>
          </reporter-output>
        </test-method> <!-- openBrowser -->
        <test-method signature="LoginPage()[pri:0, instance:com.qa.test.loginTest@2794eab6]" started-at="2021-03-11T04:30:08Z" name="LoginPage" finished-at="2021-03-11T04:30:08Z" duration-ms="253" status="PASS">
          <reporter-output>
          </reporter-output>
        </test-method> <!-- LoginPage -->
        <test-method is-config="true" signature="quitBrowser()[pri:0, instance:com.qa.test.loginTest@2794eab6]" started-at="2021-03-11T04:30:08Z" name="quitBrowser" finished-at="2021-03-11T04:30:09Z" duration-ms="778" status="PASS">
          <reporter-output>
          </reporter-output>
        </test-method> <!-- quitBrowser -->
      </class> <!-- com.qa.test.loginTest -->
    </test> <!-- Default test -->
  </suite> <!-- Default suite -->
</testng-results>
